<?xml version="1.0" encoding="UTF-8"?>
<!-- Generated by org.testng.reporters.JUnitReportReporter -->
<testsuite skipped="0" hostname="FZK" name="com.test.actitime.ActitimeTEST" tests="1" failures="0" timestamp="28 Mar 2022 02:47:33 GMT" time="21.325" errors="0">
  <testcase name="login" time="21.325" classname="com.test.actitime.ActitimeTEST"/>
</testsuite> <!-- com.test.actitime.ActitimeTEST -->
