<?xml version="1.0" encoding="UTF-8"?>
<!-- Generated by org.testng.reporters.JUnitReportReporter -->
<testsuite skipped="0" hostname="FZK" name="com.test.actitime.ActitimeTEST" tests="1" failures="0" timestamp="18 Apr 2022 20:41:07 GMT" time="21.783" errors="0">
  <testcase name="login" time="21.783" classname="com.test.actitime.ActitimeTEST"/>
</testsuite> <!-- com.test.actitime.ActitimeTEST -->
