<?xml version="1.0" encoding="UTF-8"?>
<!-- Generated by org.testng.reporters.JUnitReportReporter -->
<testsuite skipped="0" hostname="FZK" name="com.test.actitime.NewClass" tests="1" failures="0" timestamp="18 Apr 2022 20:41:07 GMT" time="0.001" errors="0">
  <testcase name="a" time="0.001" classname="com.test.actitime.NewClass"/>
</testsuite> <!-- com.test.actitime.NewClass -->
